2025-11-13 06:50:25,658 [1] INFO Microsoft.Hosting.Lifetime - Now listening on: http://localhost:5180
2025-11-13 06:50:25,709 [1] INFO Microsoft.Hosting.Lifetime - Application started. Press Ctrl+C to shut down.
2025-11-13 06:50:25,712 [1] INFO Microsoft.Hosting.Lifetime - Hosting environment: Development
2025-11-13 06:50:25,715 [1] INFO Microsoft.Hosting.Lifetime - Content root path: C:\Users\gayat\Desktop\DotnetAPIDevelpoment\InventorySolution\InventoryAPI
2025-11-13 06:50:27,123 [.NET TP Worker] ERROR Microsoft.AspNetCore.Diagnostics.DeveloperExceptionPageMiddleware - An unhandled exception has occurred while executing the request.
Swashbuckle.AspNetCore.SwaggerGen.SwaggerGeneratorException: Conflicting method/path combination "POST api/User" for actions - InventoryAPI.Controllers.UserController.Login (InventoryAPI),InventoryAPI.Controllers.UserController.Register (InventoryAPI). Actions require a unique method/path combination for Swagger/OpenAPI 3.0. Use ConflictingActionsResolver as a workaround
   at Swashbuckle.AspNetCore.SwaggerGen.SwaggerGenerator.GenerateOperations(IEnumerable`1 apiDescriptions, SchemaRepository schemaRepository)
   at Swashbuckle.AspNetCore.SwaggerGen.SwaggerGenerator.GeneratePaths(IEnumerable`1 apiDescriptions, SchemaRepository schemaRepository)
   at Swashbuckle.AspNetCore.SwaggerGen.SwaggerGenerator.GetSwaggerDocumentWithoutFilters(String documentName, String host, String basePath)
   at Swashbuckle.AspNetCore.SwaggerGen.SwaggerGenerator.GetSwaggerAsync(String documentName, String host, String basePath)
   at Swashbuckle.AspNetCore.Swagger.SwaggerMiddleware.Invoke(HttpContext httpContext, ISwaggerProvider swaggerProvider)
   at Microsoft.AspNetCore.Authentication.AuthenticationMiddleware.Invoke(HttpContext context)
   at Microsoft.AspNetCore.Diagnostics.DeveloperExceptionPageMiddlewareImpl.Invoke(HttpContext context)
2025-11-13 06:51:45,550 [1] INFO Microsoft.Hosting.Lifetime - Now listening on: http://localhost:5180
2025-11-13 06:51:45,631 [1] INFO Microsoft.Hosting.Lifetime - Application started. Press Ctrl+C to shut down.
2025-11-13 06:51:45,634 [1] INFO Microsoft.Hosting.Lifetime - Hosting environment: Development
2025-11-13 06:51:45,636 [1] INFO Microsoft.Hosting.Lifetime - Content root path: C:\Users\gayat\Desktop\DotnetAPIDevelpoment\InventorySolution\InventoryAPI
2025-11-13 06:58:12,295 [1] INFO Microsoft.Hosting.Lifetime - Now listening on: http://localhost:5180
2025-11-13 06:58:12,395 [1] INFO Microsoft.Hosting.Lifetime - Application started. Press Ctrl+C to shut down.
2025-11-13 06:58:12,398 [1] INFO Microsoft.Hosting.Lifetime - Hosting environment: Development
2025-11-13 06:58:12,401 [1] INFO Microsoft.Hosting.Lifetime - Content root path: C:\Users\gayat\Desktop\DotnetAPIDevelpoment\InventorySolution\InventoryAPI
2025-11-13 06:58:39,065 [.NET TP Worker] INFO Microsoft.EntityFrameworkCore.Database.Command - Executed DbCommand (46ms) [Parameters=[@p0='?' (Size = 3), @p1='?' (Size = 32) (DbType = Binary), @p2='?' (Size = 64) (DbType = Binary), @p3='?' (Size = 5)], CommandType='Text', CommandTimeout='30']
INSERT INTO "Users" ("Username", "Password", "PasswordHash", "Role")
VALUES (@p0, @p1, @p2, @p3);
2025-11-13 06:59:45,315 [.NET TP Worker] INFO Microsoft.EntityFrameworkCore.Database.Command - Executed DbCommand (2ms) [Parameters=[@__key_0='?' (Size = 3)], CommandType='Text', CommandTimeout='30']
SELECT "u"."Username", "u"."Password", "u"."PasswordHash", "u"."Role"
FROM "Users" AS "u"
WHERE "u"."Username" = @__key_0
LIMIT 2
2025-11-13 07:00:05,871 [.NET TP Worker] INFO Microsoft.EntityFrameworkCore.Database.Command - Executed DbCommand (0ms) [Parameters=[@__key_0='?' (Size = 3)], CommandType='Text', CommandTimeout='30']
SELECT "u"."Username", "u"."Password", "u"."PasswordHash", "u"."Role"
FROM "Users" AS "u"
WHERE "u"."Username" = @__key_0
LIMIT 2
2025-11-13 07:00:05,959 [.NET TP Worker] ERROR InventoryAPI.Controllers.UserController - Invalid Password
2025-11-13 07:36:01,811 [1] INFO Microsoft.Hosting.Lifetime - Now listening on: http://localhost:5180
2025-11-13 07:36:01,892 [1] INFO Microsoft.Hosting.Lifetime - Application started. Press Ctrl+C to shut down.
2025-11-13 07:36:01,894 [1] INFO Microsoft.Hosting.Lifetime - Hosting environment: Development
2025-11-13 07:36:01,897 [1] INFO Microsoft.Hosting.Lifetime - Content root path: C:\Users\gayat\Desktop\DotnetAPIDevelpoment\InventorySolution\InventoryAPI
2025-11-13 07:36:26,200 [.NET TP Worker] INFO Microsoft.EntityFrameworkCore.Database.Command - Executed DbCommand (13ms) [Parameters=[@__key_0='?' (Size = 3)], CommandType='Text', CommandTimeout='30']
SELECT "u"."Username", "u"."Password", "u"."PasswordHash", "u"."Role"
FROM "Users" AS "u"
WHERE "u"."Username" = @__key_0
LIMIT 2
2025-11-13 08:05:07,641 [1] INFO Microsoft.Hosting.Lifetime - Now listening on: http://localhost:5180
2025-11-13 08:05:07,738 [1] INFO Microsoft.Hosting.Lifetime - Application started. Press Ctrl+C to shut down.
2025-11-13 08:05:07,742 [1] INFO Microsoft.Hosting.Lifetime - Hosting environment: Development
2025-11-13 08:05:07,745 [1] INFO Microsoft.Hosting.Lifetime - Content root path: C:\Users\gayat\Desktop\DotnetAPIDevelpoment\InventorySolution\InventoryAPI
2025-11-13 08:07:24,930 [.NET TP Worker] INFO Microsoft.EntityFrameworkCore.Database.Command - Executed DbCommand (35ms) [Parameters=[@__key_0='?' (Size = 3)], CommandType='Text', CommandTimeout='30']
SELECT "u"."Username", "u"."Password", "u"."PasswordHash", "u"."Role"
FROM "Users" AS "u"
WHERE "u"."Username" = @__key_0
LIMIT 2
2025-11-13 08:09:32,189 [.NET TP Worker] INFO Microsoft.EntityFrameworkCore.Database.Command - Executed DbCommand (1ms) [Parameters=[@p0='?' (DbType = Boolean), @p1='?' (DbType = Decimal), @p2='?' (Size = 6), @p3='?' (DbType = Int32), @p4='?' (Size = 6)], CommandType='Text', CommandTimeout='30']
INSERT INTO "Products" ("IsAvailable", "Price", "ProductImage", "StockInHand", "Title")
VALUES (@p0, @p1, @p2, @p3, @p4)
RETURNING "Id";
2025-11-13 08:11:10,056 [1] INFO Microsoft.Hosting.Lifetime - Now listening on: http://localhost:5180
2025-11-13 08:11:10,144 [1] INFO Microsoft.Hosting.Lifetime - Application started. Press Ctrl+C to shut down.
2025-11-13 08:11:10,146 [1] INFO Microsoft.Hosting.Lifetime - Hosting environment: Development
2025-11-13 08:11:10,148 [1] INFO Microsoft.Hosting.Lifetime - Content root path: C:\Users\gayat\Desktop\DotnetAPIDevelpoment\InventorySolution\InventoryAPI
2025-11-13 08:11:49,573 [.NET TP Worker] INFO Microsoft.EntityFrameworkCore.Database.Command - Executed DbCommand (21ms) [Parameters=[@p0='?' (DbType = Boolean), @p1='?' (DbType = Decimal), @p2='?' (Size = 6), @p3='?' (DbType = Int32), @p4='?' (Size = 6)], CommandType='Text', CommandTimeout='30']
INSERT INTO "Products" ("IsAvailable", "Price", "ProductImage", "StockInHand", "Title")
VALUES (@p0, @p1, @p2, @p3, @p4)
RETURNING "Id";
2025-11-13 08:13:50,924 [1] INFO Microsoft.Hosting.Lifetime - Now listening on: http://localhost:5180
2025-11-13 08:13:51,188 [1] INFO Microsoft.Hosting.Lifetime - Application started. Press Ctrl+C to shut down.
2025-11-13 08:13:51,191 [1] INFO Microsoft.Hosting.Lifetime - Hosting environment: Development
2025-11-13 08:13:51,194 [1] INFO Microsoft.Hosting.Lifetime - Content root path: C:\Users\gayat\Desktop\DotnetAPIDevelpoment\InventorySolution\InventoryAPI
2025-11-13 08:14:38,326 [.NET TP Worker] INFO Microsoft.EntityFrameworkCore.Database.Command - Executed DbCommand (20ms) [Parameters=[@p0='?' (Size = 3), @p1='?' (Size = 32) (DbType = Binary), @p2='?' (Size = 64) (DbType = Binary), @p3='?' (Size = 4)], CommandType='Text', CommandTimeout='30']
INSERT INTO "Users" ("Username", "Password", "PasswordHash", "Role")
VALUES (@p0, @p1, @p2, @p3);
2025-11-13 08:16:42,172 [1] INFO Microsoft.Hosting.Lifetime - Now listening on: http://localhost:5180
2025-11-13 08:16:42,244 [1] INFO Microsoft.Hosting.Lifetime - Application started. Press Ctrl+C to shut down.
2025-11-13 08:16:42,247 [1] INFO Microsoft.Hosting.Lifetime - Hosting environment: Development
2025-11-13 08:16:42,249 [1] INFO Microsoft.Hosting.Lifetime - Content root path: C:\Users\gayat\Desktop\DotnetAPIDevelpoment\InventorySolution\InventoryAPI
2025-11-13 08:16:52,658 [.NET TP Worker] INFO Microsoft.EntityFrameworkCore.Database.Command - Executed DbCommand (12ms) [Parameters=[@p0='?' (DbType = Boolean), @p1='?' (DbType = Decimal), @p2='?' (Size = 6), @p3='?' (DbType = Int32), @p4='?' (Size = 6)], CommandType='Text', CommandTimeout='30']
INSERT INTO "Products" ("IsAvailable", "Price", "ProductImage", "StockInHand", "Title")
VALUES (@p0, @p1, @p2, @p3, @p4)
RETURNING "Id";
2025-11-13 08:17:17,003 [.NET TP Worker] INFO Microsoft.EntityFrameworkCore.Database.Command - Executed DbCommand (0ms) [Parameters=[@__key_0='?' (Size = 3)], CommandType='Text', CommandTimeout='30']
SELECT "u"."Username", "u"."Password", "u"."PasswordHash", "u"."Role"
FROM "Users" AS "u"
WHERE "u"."Username" = @__key_0
LIMIT 2
2025-11-13 08:18:04,245 [.NET TP Worker] INFO Microsoft.EntityFrameworkCore.Database.Command - Executed DbCommand (0ms) [Parameters=[@p0='?' (DbType = Boolean), @p1='?' (DbType = Decimal), @p2='?' (Size = 6), @p3='?' (DbType = Int32), @p4='?' (Size = 6)], CommandType='Text', CommandTimeout='30']
INSERT INTO "Products" ("IsAvailable", "Price", "ProductImage", "StockInHand", "Title")
VALUES (@p0, @p1, @p2, @p3, @p4)
RETURNING "Id";
2025-11-13 08:30:44,659 [1] INFO Microsoft.Hosting.Lifetime - Now listening on: http://localhost:5180
2025-11-13 08:30:44,726 [1] INFO Microsoft.Hosting.Lifetime - Application started. Press Ctrl+C to shut down.
2025-11-13 08:30:44,728 [1] INFO Microsoft.Hosting.Lifetime - Hosting environment: Development
2025-11-13 08:30:44,730 [1] INFO Microsoft.Hosting.Lifetime - Content root path: C:\Users\gayat\Desktop\DotnetAPIDevelpoment\InventorySolution\InventoryAPI
2025-11-13 08:30:57,099 [.NET TP Worker] INFO Microsoft.EntityFrameworkCore.Database.Command - Executed DbCommand (19ms) [Parameters=[@__key_0='?' (Size = 6)], CommandType='Text', CommandTimeout='30']
SELECT "u"."Username", "u"."Password", "u"."PasswordHash", "u"."Role"
FROM "Users" AS "u"
WHERE "u"."Username" = @__key_0
LIMIT 2
2025-11-13 08:30:57,169 [.NET TP Worker] INFO InventoryAPI.Controllers.UserController - No such user with username string
2025-11-13 08:35:27,322 [1] INFO Microsoft.Hosting.Lifetime - Now listening on: http://localhost:5180
2025-11-13 08:35:27,397 [1] INFO Microsoft.Hosting.Lifetime - Application started. Press Ctrl+C to shut down.
2025-11-13 08:35:27,400 [1] INFO Microsoft.Hosting.Lifetime - Hosting environment: Development
2025-11-13 08:35:27,405 [1] INFO Microsoft.Hosting.Lifetime - Content root path: C:\Users\gayat\Desktop\DotnetAPIDevelpoment\InventorySolution\InventoryAPI
2025-11-13 08:35:36,715 [.NET TP Worker] INFO Microsoft.EntityFrameworkCore.Database.Command - Executed DbCommand (15ms) [Parameters=[@__key_0='?' (Size = 3)], CommandType='Text', CommandTimeout='30']
SELECT "u"."Username", "u"."Password", "u"."PasswordHash", "u"."Role"
FROM "Users" AS "u"
WHERE "u"."Username" = @__key_0
LIMIT 2
